DEB [20181008-12:29:24.665] thr=1   paramiko.transport: starting thread (client mode): 0x4c7cd0d0L
DEB [20181008-12:29:24.666] thr=1   paramiko.transport: Local version/idstring: SSH-2.0-paramiko_2.2.1
DEB [20181008-12:29:24.672] thr=1   paramiko.transport: Remote version/idstring: SSH-2.0-OpenSSH_7.6p1 Ubuntu-4
INF [20181008-12:29:24.673] thr=1   paramiko.transport: Connected (version 2.0, client OpenSSH_7.6p1)
DEB [20181008-12:29:24.673] thr=1   paramiko.transport: kex algos:[u'curve25519-sha256', u'curve25519-sha256@libssh.org', u'ecdh-sha2-nistp256', u'ecdh-sha2-nistp384', u'ecdh-sha2-nistp521', u'diffie-hellman-group-exchange-sha256', u'diffie-hellman-group16-sha512', u'diffie-hellman-group18-sha512', u'diffie-hellman-group14-sha256', u'diffie-hellman-group14-sha1'] server key:[u'ssh-rsa', u'rsa-sha2-512', u'rsa-sha2-256', u'ecdsa-sha2-nistp256', u'ssh-ed25519'] client encrypt:[u'chacha20-poly1305@openssh.com', u'aes128-ctr', u'aes192-ctr', u'aes256-ctr', u'aes128-gcm@openssh.com', u'aes256-gcm@openssh.com'] server encrypt:[u'chacha20-poly1305@openssh.com', u'aes128-ctr', u'aes192-ctr', u'aes256-ctr', u'aes128-gcm@openssh.com', u'aes256-gcm@openssh.com'] client mac:[u'umac-64-etm@openssh.com', u'umac-128-etm@openssh.com', u'hmac-sha2-256-etm@openssh.com', u'hmac-sha2-512-etm@openssh.com', u'hmac-sha1-etm@openssh.com', u'umac-64@openssh.com', u'umac-128@openssh.com', u'hmac-sha2-256', u'hmac-sha2-512', u'hmac-sha1'] server mac:[u'umac-64-etm@openssh.com', u'umac-128-etm@openssh.com', u'hmac-sha2-256-etm@openssh.com', u'hmac-sha2-512-etm@openssh.com', u'hmac-sha1-etm@openssh.com', u'umac-64@openssh.com', u'umac-128@openssh.com', u'hmac-sha2-256', u'hmac-sha2-512', u'hmac-sha1'] client compress:[u'none', u'zlib@openssh.com'] server compress:[u'none', u'zlib@openssh.com'] client lang:[u''] server lang:[u''] kex follows?False
DEB [20181008-12:29:24.673] thr=1   paramiko.transport: Kex agreed: ecdh-sha2-nistp256
DEB [20181008-12:29:24.673] thr=1   paramiko.transport: HostKey agreed: ssh-ed25519
DEB [20181008-12:29:24.673] thr=1   paramiko.transport: Cipher agreed: aes128-ctr
DEB [20181008-12:29:24.674] thr=1   paramiko.transport: MAC agreed: hmac-sha2-256
DEB [20181008-12:29:24.674] thr=1   paramiko.transport: Compression agreed: none
DEB [20181008-12:29:24.716] thr=1   paramiko.transport: kex engine KexNistp256 specified hash_algo <built-in function openssl_sha256>
DEB [20181008-12:29:24.716] thr=1   paramiko.transport: Switch to new keys ...
DEB [20181008-12:29:24.730] thr=2   paramiko.transport: starting thread (server mode): 0x4e8c4f90L
DEB [20181008-12:29:24.731] thr=2   paramiko.transport: Local version/idstring: SSH-2.0-OpenSSH_7.2p2 Ubuntu-4ubuntu2.2
DEB [20181008-12:29:24.731] thr=2   paramiko.transport: Remote version/idstring: SSH-2.0-OpenSSH_7.2p2 Ubuntu-4ubuntu2.4
INF [20181008-12:29:24.731] thr=2   paramiko.transport: Connected (version 2.0, client OpenSSH_7.2p2)
DEB [20181008-12:29:24.733] thr=2   paramiko.transport: kex algos:[u'curve25519-sha256@libssh.org', u'ecdh-sha2-nistp256', u'ecdh-sha2-nistp384', u'ecdh-sha2-nistp521', u'diffie-hellman-group-exchange-sha256', u'diffie-hellman-group-exchange-sha1', u'diffie-hellman-group14-sha1', u'ext-info-c'] server key:[u'ecdsa-sha2-nistp256-cert-v01@openssh.com', u'ecdsa-sha2-nistp384-cert-v01@openssh.com', u'ecdsa-sha2-nistp521-cert-v01@openssh.com', u'ssh-ed25519-cert-v01@openssh.com', u'ssh-rsa-cert-v01@openssh.com', u'ecdsa-sha2-nistp256', u'ecdsa-sha2-nistp384', u'ecdsa-sha2-nistp521', u'ssh-ed25519', u'rsa-sha2-512', u'rsa-sha2-256', u'ssh-rsa'] client encrypt:[u'chacha20-poly1305@openssh.com', u'aes128-ctr', u'aes192-ctr', u'aes256-ctr', u'aes128-gcm@openssh.com', u'aes256-gcm@openssh.com', u'aes128-cbc', u'aes192-cbc', u'aes256-cbc', u'3des-cbc'] server encrypt:[u'chacha20-poly1305@openssh.com', u'aes128-ctr', u'aes192-ctr', u'aes256-ctr', u'aes128-gcm@openssh.com', u'aes256-gcm@openssh.com', u'aes128-cbc', u'aes192-cbc', u'aes256-cbc', u'3des-cbc'] client mac:[u'umac-64-etm@openssh.com', u'umac-128-etm@openssh.com', u'hmac-sha2-256-etm@openssh.com', u'hmac-sha2-512-etm@openssh.com', u'hmac-sha1-etm@openssh.com', u'umac-64@openssh.com', u'umac-128@openssh.com', u'hmac-sha2-256', u'hmac-sha2-512', u'hmac-sha1'] server mac:[u'umac-64-etm@openssh.com', u'umac-128-etm@openssh.com', u'hmac-sha2-256-etm@openssh.com', u'hmac-sha2-512-etm@openssh.com', u'hmac-sha1-etm@openssh.com', u'umac-64@openssh.com', u'umac-128@openssh.com', u'hmac-sha2-256', u'hmac-sha2-512', u'hmac-sha1'] client compress:[u'none', u'zlib@openssh.com', u'zlib'] server compress:[u'none', u'zlib@openssh.com', u'zlib'] client lang:[u''] server lang:[u''] kex follows?False
DEB [20181008-12:29:24.733] thr=2   paramiko.transport: Kex agreed: ecdh-sha2-nistp256
DEB [20181008-12:29:24.733] thr=2   paramiko.transport: HostKey agreed: ssh-rsa
DEB [20181008-12:29:24.733] thr=2   paramiko.transport: Cipher agreed: aes128-ctr
DEB [20181008-12:29:24.734] thr=2   paramiko.transport: MAC agreed: hmac-sha2-256
DEB [20181008-12:29:24.734] thr=2   paramiko.transport: Compression agreed: none
DEB [20181008-12:29:24.739] thr=2   paramiko.transport: kex engine KexNistp256 specified hash_algo <built-in function openssl_sha256>
DEB [20181008-12:29:24.739] thr=2   paramiko.transport: Switch to new keys ...
DEB [20181008-12:29:24.741] thr=2   paramiko.transport: Auth request (type=none) service=ssh-connection, username=root
INF [20181008-12:29:24.741] thr=2   paramiko.transport: Auth rejected (none).
DEB [20181008-12:29:29.946] thr=2   paramiko.transport: Auth request (type=password) service=ssh-connection, username=root
DEB [20181008-12:29:29.947] thr=1   paramiko.transport: userauth is OK
INF [20181008-12:29:31.172] thr=1   paramiko.transport: Authentication (password) failed.
INF [20181008-12:29:31.183] thr=2   paramiko.transport: Auth rejected (password).
DEB [20181008-12:29:32.834] thr=2   paramiko.transport: Auth request (type=password) service=ssh-connection, username=root
DEB [20181008-12:29:32.835] thr=1   paramiko.transport: userauth is OK
INF [20181008-12:29:35.124] thr=1   paramiko.transport: Authentication (password) failed.
INF [20181008-12:29:35.142] thr=2   paramiko.transport: Auth rejected (password).
DEB [20181008-12:29:35.898] thr=2   paramiko.transport: Auth request (type=password) service=ssh-connection, username=root
DEB [20181008-12:29:35.900] thr=1   paramiko.transport: userauth is OK
INF [20181008-12:29:35.911] thr=1   paramiko.transport: Authentication (password) successful!
INF [20181008-12:29:35.915] thr=2   paramiko.transport: Auth granted (password).
DEB [20181008-12:29:35.915] thr=2   paramiko.transport: [chan 0] Max packet in: 32768 bytes
DEB [20181008-12:29:35.915] thr=2   paramiko.transport: [chan 0] Max packet out: 16384 bytes
DEB [20181008-12:29:35.915] thr=2   paramiko.transport: Secsh channel 0 (session) opened.
DEB [20181008-12:29:35.916] thr=2   paramiko.transport: Received global request "no-more-sessions@openssh.com"
DEB [20181008-12:29:35.916] thr=2   paramiko.transport: [chan 0] Max packet in: 32768 bytes
DEB [20181008-12:29:35.929] thr=1   paramiko.transport: Received global request "hostkeys-00@openssh.com"
DEB [20181008-12:29:35.930] thr=1   paramiko.transport: Rejecting "hostkeys-00@openssh.com" global request from server.
DEB [20181008-12:29:35.967] thr=1   paramiko.transport: [chan 0] Max packet out: 32768 bytes
DEB [20181008-12:29:35.968] thr=1   paramiko.transport: Secsh channel 0 opened.
DEB [20181008-12:29:35.982] thr=1   paramiko.transport: [chan 0] Sesch channel 0 request ok
DEB [20181008-12:29:36.024] thr=1   paramiko.transport: [chan 0] Sesch channel 0 request ok
DEB [20181008-12:29:41.037] thr=1   paramiko.transport: [chan 0] EOF received (0)
DEB [20181008-12:29:41.038] thr=3   paramiko.transport: [chan 0] EOF sent (0)
DEB [20181008-12:29:41.039] thr=1   paramiko.transport: [chan 0] EOF sent (0)
INF [20181008-12:29:41.042] thr=2   paramiko.transport: Disconnect (code 11): disconnected by user
DEB [20181008-12:30:36.013] thr=1   paramiko.transport: EOF in transport thread
DEB [20181008-12:30:39.124] thr=4   paramiko.transport: starting thread (client mode): 0x4c7eea90L
DEB [20181008-12:30:39.125] thr=4   paramiko.transport: Local version/idstring: SSH-2.0-paramiko_2.2.1
DEB [20181008-12:30:39.130] thr=4   paramiko.transport: Remote version/idstring: SSH-2.0-OpenSSH_7.6p1 Ubuntu-4
INF [20181008-12:30:39.130] thr=4   paramiko.transport: Connected (version 2.0, client OpenSSH_7.6p1)
DEB [20181008-12:30:39.130] thr=4   paramiko.transport: kex algos:[u'curve25519-sha256', u'curve25519-sha256@libssh.org', u'ecdh-sha2-nistp256', u'ecdh-sha2-nistp384', u'ecdh-sha2-nistp521', u'diffie-hellman-group-exchange-sha256', u'diffie-hellman-group16-sha512', u'diffie-hellman-group18-sha512', u'diffie-hellman-group14-sha256', u'diffie-hellman-group14-sha1'] server key:[u'ssh-rsa', u'rsa-sha2-512', u'rsa-sha2-256', u'ecdsa-sha2-nistp256', u'ssh-ed25519'] client encrypt:[u'chacha20-poly1305@openssh.com', u'aes128-ctr', u'aes192-ctr', u'aes256-ctr', u'aes128-gcm@openssh.com', u'aes256-gcm@openssh.com'] server encrypt:[u'chacha20-poly1305@openssh.com', u'aes128-ctr', u'aes192-ctr', u'aes256-ctr', u'aes128-gcm@openssh.com', u'aes256-gcm@openssh.com'] client mac:[u'umac-64-etm@openssh.com', u'umac-128-etm@openssh.com', u'hmac-sha2-256-etm@openssh.com', u'hmac-sha2-512-etm@openssh.com', u'hmac-sha1-etm@openssh.com', u'umac-64@openssh.com', u'umac-128@openssh.com', u'hmac-sha2-256', u'hmac-sha2-512', u'hmac-sha1'] server mac:[u'umac-64-etm@openssh.com', u'umac-128-etm@openssh.com', u'hmac-sha2-256-etm@openssh.com', u'hmac-sha2-512-etm@openssh.com', u'hmac-sha1-etm@openssh.com', u'umac-64@openssh.com', u'umac-128@openssh.com', u'hmac-sha2-256', u'hmac-sha2-512', u'hmac-sha1'] client compress:[u'none', u'zlib@openssh.com'] server compress:[u'none', u'zlib@openssh.com'] client lang:[u''] server lang:[u''] kex follows?False
DEB [20181008-12:30:39.131] thr=4   paramiko.transport: Kex agreed: ecdh-sha2-nistp256
DEB [20181008-12:30:39.131] thr=4   paramiko.transport: HostKey agreed: ssh-ed25519
DEB [20181008-12:30:39.131] thr=4   paramiko.transport: Cipher agreed: aes128-ctr
DEB [20181008-12:30:39.131] thr=4   paramiko.transport: MAC agreed: hmac-sha2-256
DEB [20181008-12:30:39.131] thr=4   paramiko.transport: Compression agreed: none
DEB [20181008-12:30:39.134] thr=4   paramiko.transport: kex engine KexNistp256 specified hash_algo <built-in function openssl_sha256>
DEB [20181008-12:30:39.134] thr=4   paramiko.transport: Switch to new keys ...
DEB [20181008-12:30:39.140] thr=5   paramiko.transport: starting thread (server mode): 0x4e8c4bd0L
DEB [20181008-12:30:39.140] thr=5   paramiko.transport: Local version/idstring: SSH-2.0-OpenSSH_7.2p2 Ubuntu-4ubuntu2.2
DEB [20181008-12:30:39.141] thr=5   paramiko.transport: Remote version/idstring: SSH-2.0-OpenSSH_7.2p2 Ubuntu-4ubuntu2.4
INF [20181008-12:30:39.141] thr=5   paramiko.transport: Connected (version 2.0, client OpenSSH_7.2p2)
DEB [20181008-12:30:39.141] thr=5   paramiko.transport: kex algos:[u'curve25519-sha256@libssh.org', u'ecdh-sha2-nistp256', u'ecdh-sha2-nistp384', u'ecdh-sha2-nistp521', u'diffie-hellman-group-exchange-sha256', u'diffie-hellman-group-exchange-sha1', u'diffie-hellman-group14-sha1', u'ext-info-c'] server key:[u'ecdsa-sha2-nistp256-cert-v01@openssh.com', u'ecdsa-sha2-nistp384-cert-v01@openssh.com', u'ecdsa-sha2-nistp521-cert-v01@openssh.com', u'ssh-ed25519-cert-v01@openssh.com', u'ssh-rsa-cert-v01@openssh.com', u'ecdsa-sha2-nistp256', u'ecdsa-sha2-nistp384', u'ecdsa-sha2-nistp521', u'ssh-ed25519', u'rsa-sha2-512', u'rsa-sha2-256', u'ssh-rsa'] client encrypt:[u'chacha20-poly1305@openssh.com', u'aes128-ctr', u'aes192-ctr', u'aes256-ctr', u'aes128-gcm@openssh.com', u'aes256-gcm@openssh.com', u'aes128-cbc', u'aes192-cbc', u'aes256-cbc', u'3des-cbc'] server encrypt:[u'chacha20-poly1305@openssh.com', u'aes128-ctr', u'aes192-ctr', u'aes256-ctr', u'aes128-gcm@openssh.com', u'aes256-gcm@openssh.com', u'aes128-cbc', u'aes192-cbc', u'aes256-cbc', u'3des-cbc'] client mac:[u'umac-64-etm@openssh.com', u'umac-128-etm@openssh.com', u'hmac-sha2-256-etm@openssh.com', u'hmac-sha2-512-etm@openssh.com', u'hmac-sha1-etm@openssh.com', u'umac-64@openssh.com', u'umac-128@openssh.com', u'hmac-sha2-256', u'hmac-sha2-512', u'hmac-sha1'] server mac:[u'umac-64-etm@openssh.com', u'umac-128-etm@openssh.com', u'hmac-sha2-256-etm@openssh.com', u'hmac-sha2-512-etm@openssh.com', u'hmac-sha1-etm@openssh.com', u'umac-64@openssh.com', u'umac-128@openssh.com', u'hmac-sha2-256', u'hmac-sha2-512', u'hmac-sha1'] client compress:[u'none', u'zlib@openssh.com', u'zlib'] server compress:[u'none', u'zlib@openssh.com', u'zlib'] client lang:[u''] server lang:[u''] kex follows?False
DEB [20181008-12:30:39.142] thr=5   paramiko.transport: Kex agreed: ecdh-sha2-nistp256
DEB [20181008-12:30:39.142] thr=5   paramiko.transport: HostKey agreed: ssh-rsa
DEB [20181008-12:30:39.142] thr=5   paramiko.transport: Cipher agreed: aes128-ctr
DEB [20181008-12:30:39.142] thr=5   paramiko.transport: MAC agreed: hmac-sha2-256
DEB [20181008-12:30:39.142] thr=5   paramiko.transport: Compression agreed: none
DEB [20181008-12:30:39.146] thr=5   paramiko.transport: kex engine KexNistp256 specified hash_algo <built-in function openssl_sha256>
DEB [20181008-12:30:39.146] thr=5   paramiko.transport: Switch to new keys ...
DEB [20181008-12:30:39.148] thr=5   paramiko.transport: Auth request (type=none) service=ssh-connection, username=root
INF [20181008-12:30:39.148] thr=5   paramiko.transport: Auth rejected (none).
DEB [20181008-12:30:40.683] thr=5   paramiko.transport: Auth request (type=password) service=ssh-connection, username=root
DEB [20181008-12:30:40.684] thr=4   paramiko.transport: userauth is OK
INF [20181008-12:30:40.697] thr=4   paramiko.transport: Authentication (password) successful!
INF [20181008-12:30:40.699] thr=5   paramiko.transport: Auth granted (password).
DEB [20181008-12:30:40.700] thr=5   paramiko.transport: [chan 0] Max packet in: 32768 bytes
DEB [20181008-12:30:40.700] thr=5   paramiko.transport: [chan 0] Max packet out: 16384 bytes
DEB [20181008-12:30:40.700] thr=5   paramiko.transport: Secsh channel 0 (session) opened.
DEB [20181008-12:30:40.700] thr=5   paramiko.transport: Received global request "no-more-sessions@openssh.com"
DEB [20181008-12:30:40.700] thr=5   paramiko.transport: [chan 0] Max packet in: 32768 bytes
DEB [20181008-12:30:40.704] thr=4   paramiko.transport: Received global request "hostkeys-00@openssh.com"
DEB [20181008-12:30:40.704] thr=4   paramiko.transport: Rejecting "hostkeys-00@openssh.com" global request from server.
DEB [20181008-12:30:40.743] thr=4   paramiko.transport: [chan 0] Max packet out: 32768 bytes
DEB [20181008-12:30:40.743] thr=4   paramiko.transport: Secsh channel 0 opened.
DEB [20181008-12:30:40.766] thr=4   paramiko.transport: [chan 0] Sesch channel 0 request ok
DEB [20181008-12:30:40.809] thr=4   paramiko.transport: [chan 0] Sesch channel 0 request ok
DEB [20181008-12:30:47.838] thr=4   paramiko.transport: [chan 0] EOF received (0)
DEB [20181008-12:30:47.839] thr=6   paramiko.transport: [chan 0] EOF sent (0)
DEB [20181008-12:30:47.840] thr=4   paramiko.transport: [chan 0] EOF sent (0)
INF [20181008-12:30:47.843] thr=5   paramiko.transport: Disconnect (code 11): disconnected by user
DEB [20181008-12:30:50.450] thr=4   paramiko.transport: EOF in transport thread
DEB [20181008-12:38:20.532] thr=1   paramiko.transport: starting thread (client mode): 0x71fee210L
DEB [20181008-12:38:20.532] thr=1   paramiko.transport: Local version/idstring: SSH-2.0-paramiko_2.2.1
DEB [20181008-12:38:20.536] thr=1   paramiko.transport: Remote version/idstring: SSH-2.0-OpenSSH_7.6p1 Ubuntu-4
INF [20181008-12:38:20.536] thr=1   paramiko.transport: Connected (version 2.0, client OpenSSH_7.6p1)
DEB [20181008-12:38:20.537] thr=1   paramiko.transport: kex algos:[u'curve25519-sha256', u'curve25519-sha256@libssh.org', u'ecdh-sha2-nistp256', u'ecdh-sha2-nistp384', u'ecdh-sha2-nistp521', u'diffie-hellman-group-exchange-sha256', u'diffie-hellman-group16-sha512', u'diffie-hellman-group18-sha512', u'diffie-hellman-group14-sha256', u'diffie-hellman-group14-sha1'] server key:[u'ssh-rsa', u'rsa-sha2-512', u'rsa-sha2-256', u'ecdsa-sha2-nistp256', u'ssh-ed25519'] client encrypt:[u'chacha20-poly1305@openssh.com', u'aes128-ctr', u'aes192-ctr', u'aes256-ctr', u'aes128-gcm@openssh.com', u'aes256-gcm@openssh.com'] server encrypt:[u'chacha20-poly1305@openssh.com', u'aes128-ctr', u'aes192-ctr', u'aes256-ctr', u'aes128-gcm@openssh.com', u'aes256-gcm@openssh.com'] client mac:[u'umac-64-etm@openssh.com', u'umac-128-etm@openssh.com', u'hmac-sha2-256-etm@openssh.com', u'hmac-sha2-512-etm@openssh.com', u'hmac-sha1-etm@openssh.com', u'umac-64@openssh.com', u'umac-128@openssh.com', u'hmac-sha2-256', u'hmac-sha2-512', u'hmac-sha1'] server mac:[u'umac-64-etm@openssh.com', u'umac-128-etm@openssh.com', u'hmac-sha2-256-etm@openssh.com', u'hmac-sha2-512-etm@openssh.com', u'hmac-sha1-etm@openssh.com', u'umac-64@openssh.com', u'umac-128@openssh.com', u'hmac-sha2-256', u'hmac-sha2-512', u'hmac-sha1'] client compress:[u'none', u'zlib@openssh.com'] server compress:[u'none', u'zlib@openssh.com'] client lang:[u''] server lang:[u''] kex follows?False
DEB [20181008-12:38:20.537] thr=1   paramiko.transport: Kex agreed: ecdh-sha2-nistp256
DEB [20181008-12:38:20.537] thr=1   paramiko.transport: HostKey agreed: ssh-ed25519
DEB [20181008-12:38:20.537] thr=1   paramiko.transport: Cipher agreed: aes128-ctr
DEB [20181008-12:38:20.537] thr=1   paramiko.transport: MAC agreed: hmac-sha2-256
DEB [20181008-12:38:20.537] thr=1   paramiko.transport: Compression agreed: none
DEB [20181008-12:38:20.583] thr=1   paramiko.transport: kex engine KexNistp256 specified hash_algo <built-in function openssl_sha256>
DEB [20181008-12:38:20.584] thr=1   paramiko.transport: Switch to new keys ...
DEB [20181008-12:38:20.597] thr=2   paramiko.transport: starting thread (server mode): 0x73105110L
DEB [20181008-12:38:20.597] thr=2   paramiko.transport: Local version/idstring: SSH-2.0-OpenSSH_7.2p2 Ubuntu-4ubuntu2.2
DEB [20181008-12:38:20.598] thr=2   paramiko.transport: Remote version/idstring: SSH-2.0-OpenSSH_7.2p2 Ubuntu-4ubuntu2.4
INF [20181008-12:38:20.598] thr=2   paramiko.transport: Connected (version 2.0, client OpenSSH_7.2p2)
DEB [20181008-12:38:20.599] thr=2   paramiko.transport: kex algos:[u'curve25519-sha256@libssh.org', u'ecdh-sha2-nistp256', u'ecdh-sha2-nistp384', u'ecdh-sha2-nistp521', u'diffie-hellman-group-exchange-sha256', u'diffie-hellman-group-exchange-sha1', u'diffie-hellman-group14-sha1', u'ext-info-c'] server key:[u'ecdsa-sha2-nistp256-cert-v01@openssh.com', u'ecdsa-sha2-nistp384-cert-v01@openssh.com', u'ecdsa-sha2-nistp521-cert-v01@openssh.com', u'ssh-ed25519-cert-v01@openssh.com', u'ssh-rsa-cert-v01@openssh.com', u'ecdsa-sha2-nistp256', u'ecdsa-sha2-nistp384', u'ecdsa-sha2-nistp521', u'ssh-ed25519', u'rsa-sha2-512', u'rsa-sha2-256', u'ssh-rsa'] client encrypt:[u'chacha20-poly1305@openssh.com', u'aes128-ctr', u'aes192-ctr', u'aes256-ctr', u'aes128-gcm@openssh.com', u'aes256-gcm@openssh.com', u'aes128-cbc', u'aes192-cbc', u'aes256-cbc', u'3des-cbc'] server encrypt:[u'chacha20-poly1305@openssh.com', u'aes128-ctr', u'aes192-ctr', u'aes256-ctr', u'aes128-gcm@openssh.com', u'aes256-gcm@openssh.com', u'aes128-cbc', u'aes192-cbc', u'aes256-cbc', u'3des-cbc'] client mac:[u'umac-64-etm@openssh.com', u'umac-128-etm@openssh.com', u'hmac-sha2-256-etm@openssh.com', u'hmac-sha2-512-etm@openssh.com', u'hmac-sha1-etm@openssh.com', u'umac-64@openssh.com', u'umac-128@openssh.com', u'hmac-sha2-256', u'hmac-sha2-512', u'hmac-sha1'] server mac:[u'umac-64-etm@openssh.com', u'umac-128-etm@openssh.com', u'hmac-sha2-256-etm@openssh.com', u'hmac-sha2-512-etm@openssh.com', u'hmac-sha1-etm@openssh.com', u'umac-64@openssh.com', u'umac-128@openssh.com', u'hmac-sha2-256', u'hmac-sha2-512', u'hmac-sha1'] client compress:[u'none', u'zlib@openssh.com', u'zlib'] server compress:[u'none', u'zlib@openssh.com', u'zlib'] client lang:[u''] server lang:[u''] kex follows?False
DEB [20181008-12:38:20.600] thr=2   paramiko.transport: Kex agreed: ecdh-sha2-nistp256
DEB [20181008-12:38:20.600] thr=2   paramiko.transport: HostKey agreed: ssh-rsa
DEB [20181008-12:38:20.600] thr=2   paramiko.transport: Cipher agreed: aes128-ctr
DEB [20181008-12:38:20.600] thr=2   paramiko.transport: MAC agreed: hmac-sha2-256
DEB [20181008-12:38:20.600] thr=2   paramiko.transport: Compression agreed: none
DEB [20181008-12:38:20.608] thr=2   paramiko.transport: kex engine KexNistp256 specified hash_algo <built-in function openssl_sha256>
DEB [20181008-12:38:20.609] thr=2   paramiko.transport: Switch to new keys ...
DEB [20181008-12:38:20.613] thr=2   paramiko.transport: Auth request (type=none) service=ssh-connection, username=root
INF [20181008-12:38:20.613] thr=2   paramiko.transport: Auth rejected (none).
DEB [20181008-12:38:21.598] thr=2   paramiko.transport: Auth request (type=password) service=ssh-connection, username=root
DEB [20181008-12:38:21.599] thr=1   paramiko.transport: userauth is OK
INF [20181008-12:38:21.612] thr=1   paramiko.transport: Authentication (password) successful!
INF [20181008-12:38:21.614] thr=2   paramiko.transport: Auth granted (password).
DEB [20181008-12:38:21.615] thr=2   paramiko.transport: [chan 0] Max packet in: 32768 bytes
DEB [20181008-12:38:21.615] thr=2   paramiko.transport: [chan 0] Max packet out: 32768 bytes
DEB [20181008-12:38:21.615] thr=2   paramiko.transport: Secsh channel 0 (session) opened.
DEB [20181008-12:38:21.615] thr=2   paramiko.transport: Received global request "no-more-sessions@openssh.com"
DEB [20181008-12:38:21.616] thr=2   paramiko.transport: [chan 0] Max packet in: 32768 bytes
DEB [20181008-12:38:21.621] thr=1   paramiko.transport: Received global request "hostkeys-00@openssh.com"
DEB [20181008-12:38:21.621] thr=1   paramiko.transport: Rejecting "hostkeys-00@openssh.com" global request from server.
DEB [20181008-12:38:21.659] thr=1   paramiko.transport: [chan 0] Max packet out: 32768 bytes
DEB [20181008-12:38:21.659] thr=1   paramiko.transport: Secsh channel 0 opened.
DEB [20181008-12:38:21.683] thr=1   paramiko.transport: [chan 0] Sesch channel 0 request ok
DEB [20181008-12:38:21.692] thr=3   paramiko.transport: [chan 0] EOF sent (0)
DEB [20181008-12:38:21.692] thr=1   paramiko.transport: [chan 0] EOF received (0)
DEB [20181008-12:38:21.693] thr=3   paramiko.transport: [chan 0] EOF sent (0)
INF [20181008-12:38:21.720] thr=2   paramiko.transport: Disconnect (code 11): disconnected by user
DEB [20181008-12:38:23.776] thr=4   paramiko.transport: starting thread (client mode): 0x717b8d90L
DEB [20181008-12:38:23.777] thr=4   paramiko.transport: Local version/idstring: SSH-2.0-paramiko_2.2.1
DEB [20181008-12:38:23.783] thr=4   paramiko.transport: Remote version/idstring: SSH-2.0-OpenSSH_7.6p1 Ubuntu-4
INF [20181008-12:38:23.783] thr=4   paramiko.transport: Connected (version 2.0, client OpenSSH_7.6p1)
DEB [20181008-12:38:23.784] thr=4   paramiko.transport: kex algos:[u'curve25519-sha256', u'curve25519-sha256@libssh.org', u'ecdh-sha2-nistp256', u'ecdh-sha2-nistp384', u'ecdh-sha2-nistp521', u'diffie-hellman-group-exchange-sha256', u'diffie-hellman-group16-sha512', u'diffie-hellman-group18-sha512', u'diffie-hellman-group14-sha256', u'diffie-hellman-group14-sha1'] server key:[u'ssh-rsa', u'rsa-sha2-512', u'rsa-sha2-256', u'ecdsa-sha2-nistp256', u'ssh-ed25519'] client encrypt:[u'chacha20-poly1305@openssh.com', u'aes128-ctr', u'aes192-ctr', u'aes256-ctr', u'aes128-gcm@openssh.com', u'aes256-gcm@openssh.com'] server encrypt:[u'chacha20-poly1305@openssh.com', u'aes128-ctr', u'aes192-ctr', u'aes256-ctr', u'aes128-gcm@openssh.com', u'aes256-gcm@openssh.com'] client mac:[u'umac-64-etm@openssh.com', u'umac-128-etm@openssh.com', u'hmac-sha2-256-etm@openssh.com', u'hmac-sha2-512-etm@openssh.com', u'hmac-sha1-etm@openssh.com', u'umac-64@openssh.com', u'umac-128@openssh.com', u'hmac-sha2-256', u'hmac-sha2-512', u'hmac-sha1'] server mac:[u'umac-64-etm@openssh.com', u'umac-128-etm@openssh.com', u'hmac-sha2-256-etm@openssh.com', u'hmac-sha2-512-etm@openssh.com', u'hmac-sha1-etm@openssh.com', u'umac-64@openssh.com', u'umac-128@openssh.com', u'hmac-sha2-256', u'hmac-sha2-512', u'hmac-sha1'] client compress:[u'none', u'zlib@openssh.com'] server compress:[u'none', u'zlib@openssh.com'] client lang:[u''] server lang:[u''] kex follows?False
DEB [20181008-12:38:23.784] thr=4   paramiko.transport: Kex agreed: ecdh-sha2-nistp256
DEB [20181008-12:38:23.784] thr=4   paramiko.transport: HostKey agreed: ssh-ed25519
DEB [20181008-12:38:23.784] thr=4   paramiko.transport: Cipher agreed: aes128-ctr
DEB [20181008-12:38:23.784] thr=4   paramiko.transport: MAC agreed: hmac-sha2-256
DEB [20181008-12:38:23.784] thr=4   paramiko.transport: Compression agreed: none
DEB [20181008-12:38:23.787] thr=4   paramiko.transport: kex engine KexNistp256 specified hash_algo <built-in function openssl_sha256>
DEB [20181008-12:38:23.788] thr=4   paramiko.transport: Switch to new keys ...
DEB [20181008-12:38:23.792] thr=5   paramiko.transport: starting thread (server mode): 0x717b89d0L
DEB [20181008-12:38:23.792] thr=5   paramiko.transport: Local version/idstring: SSH-2.0-OpenSSH_7.2p2 Ubuntu-4ubuntu2.2
DEB [20181008-12:38:23.793] thr=5   paramiko.transport: Remote version/idstring: SSH-2.0-OpenSSH_7.2p2 Ubuntu-4ubuntu2.4
INF [20181008-12:38:23.793] thr=5   paramiko.transport: Connected (version 2.0, client OpenSSH_7.2p2)
DEB [20181008-12:38:23.793] thr=5   paramiko.transport: kex algos:[u'curve25519-sha256@libssh.org', u'ecdh-sha2-nistp256', u'ecdh-sha2-nistp384', u'ecdh-sha2-nistp521', u'diffie-hellman-group-exchange-sha256', u'diffie-hellman-group-exchange-sha1', u'diffie-hellman-group14-sha1', u'ext-info-c'] server key:[u'ecdsa-sha2-nistp256-cert-v01@openssh.com', u'ecdsa-sha2-nistp384-cert-v01@openssh.com', u'ecdsa-sha2-nistp521-cert-v01@openssh.com', u'ssh-ed25519-cert-v01@openssh.com', u'ssh-rsa-cert-v01@openssh.com', u'ecdsa-sha2-nistp256', u'ecdsa-sha2-nistp384', u'ecdsa-sha2-nistp521', u'ssh-ed25519', u'rsa-sha2-512', u'rsa-sha2-256', u'ssh-rsa'] client encrypt:[u'chacha20-poly1305@openssh.com', u'aes128-ctr', u'aes192-ctr', u'aes256-ctr', u'aes128-gcm@openssh.com', u'aes256-gcm@openssh.com', u'aes128-cbc', u'aes192-cbc', u'aes256-cbc', u'3des-cbc'] server encrypt:[u'chacha20-poly1305@openssh.com', u'aes128-ctr', u'aes192-ctr', u'aes256-ctr', u'aes128-gcm@openssh.com', u'aes256-gcm@openssh.com', u'aes128-cbc', u'aes192-cbc', u'aes256-cbc', u'3des-cbc'] client mac:[u'umac-64-etm@openssh.com', u'umac-128-etm@openssh.com', u'hmac-sha2-256-etm@openssh.com', u'hmac-sha2-512-etm@openssh.com', u'hmac-sha1-etm@openssh.com', u'umac-64@openssh.com', u'umac-128@openssh.com', u'hmac-sha2-256', u'hmac-sha2-512', u'hmac-sha1'] server mac:[u'umac-64-etm@openssh.com', u'umac-128-etm@openssh.com', u'hmac-sha2-256-etm@openssh.com', u'hmac-sha2-512-etm@openssh.com', u'hmac-sha1-etm@openssh.com', u'umac-64@openssh.com', u'umac-128@openssh.com', u'hmac-sha2-256', u'hmac-sha2-512', u'hmac-sha1'] client compress:[u'none', u'zlib@openssh.com', u'zlib'] server compress:[u'none', u'zlib@openssh.com', u'zlib'] client lang:[u''] server lang:[u''] kex follows?False
DEB [20181008-12:38:23.794] thr=5   paramiko.transport: Kex agreed: ecdh-sha2-nistp256
DEB [20181008-12:38:23.794] thr=5   paramiko.transport: HostKey agreed: ssh-rsa
DEB [20181008-12:38:23.794] thr=5   paramiko.transport: Cipher agreed: aes128-ctr
DEB [20181008-12:38:23.794] thr=5   paramiko.transport: MAC agreed: hmac-sha2-256
DEB [20181008-12:38:23.794] thr=5   paramiko.transport: Compression agreed: none
DEB [20181008-12:38:23.798] thr=5   paramiko.transport: kex engine KexNistp256 specified hash_algo <built-in function openssl_sha256>
DEB [20181008-12:38:23.798] thr=5   paramiko.transport: Switch to new keys ...
DEB [20181008-12:38:23.800] thr=5   paramiko.transport: Auth request (type=none) service=ssh-connection, username=root
INF [20181008-12:38:23.800] thr=5   paramiko.transport: Auth rejected (none).
DEB [20181008-12:38:24.990] thr=5   paramiko.transport: Auth request (type=password) service=ssh-connection, username=root
DEB [20181008-12:38:24.991] thr=4   paramiko.transport: userauth is OK
INF [20181008-12:38:25.004] thr=4   paramiko.transport: Authentication (password) successful!
INF [20181008-12:38:25.006] thr=5   paramiko.transport: Auth granted (password).
DEB [20181008-12:38:25.007] thr=5   paramiko.transport: [chan 0] Max packet in: 32768 bytes
DEB [20181008-12:38:25.007] thr=5   paramiko.transport: [chan 0] Max packet out: 32768 bytes
DEB [20181008-12:38:25.007] thr=5   paramiko.transport: Secsh channel 0 (session) opened.
DEB [20181008-12:38:25.007] thr=5   paramiko.transport: Received global request "no-more-sessions@openssh.com"
DEB [20181008-12:38:25.008] thr=5   paramiko.transport: [chan 0] Max packet in: 32768 bytes
DEB [20181008-12:38:25.014] thr=4   paramiko.transport: Received global request "hostkeys-00@openssh.com"
DEB [20181008-12:38:25.014] thr=4   paramiko.transport: Rejecting "hostkeys-00@openssh.com" global request from server.
DEB [20181008-12:38:25.051] thr=4   paramiko.transport: [chan 0] Max packet out: 32768 bytes
DEB [20181008-12:38:25.052] thr=4   paramiko.transport: Secsh channel 0 opened.
DEB [20181008-12:38:25.075] thr=4   paramiko.transport: [chan 0] Sesch channel 0 request ok
DEB [20181008-12:38:25.083] thr=4   paramiko.transport: [chan 0] EOF received (0)
DEB [20181008-12:38:25.083] thr=6   paramiko.transport: [chan 0] EOF sent (0)
DEB [20181008-12:38:25.084] thr=4   paramiko.transport: [chan 0] EOF sent (0)
INF [20181008-12:38:25.112] thr=5   paramiko.transport: Disconnect (code 11): disconnected by user
DEB [20181008-12:38:29.184] thr=7   paramiko.transport: starting thread (client mode): 0x70749890L
DEB [20181008-12:38:29.184] thr=7   paramiko.transport: Local version/idstring: SSH-2.0-paramiko_2.2.1
DEB [20181008-12:38:29.188] thr=7   paramiko.transport: Remote version/idstring: SSH-2.0-OpenSSH_7.6p1 Ubuntu-4
INF [20181008-12:38:29.189] thr=7   paramiko.transport: Connected (version 2.0, client OpenSSH_7.6p1)
DEB [20181008-12:38:29.189] thr=7   paramiko.transport: kex algos:[u'curve25519-sha256', u'curve25519-sha256@libssh.org', u'ecdh-sha2-nistp256', u'ecdh-sha2-nistp384', u'ecdh-sha2-nistp521', u'diffie-hellman-group-exchange-sha256', u'diffie-hellman-group16-sha512', u'diffie-hellman-group18-sha512', u'diffie-hellman-group14-sha256', u'diffie-hellman-group14-sha1'] server key:[u'ssh-rsa', u'rsa-sha2-512', u'rsa-sha2-256', u'ecdsa-sha2-nistp256', u'ssh-ed25519'] client encrypt:[u'chacha20-poly1305@openssh.com', u'aes128-ctr', u'aes192-ctr', u'aes256-ctr', u'aes128-gcm@openssh.com', u'aes256-gcm@openssh.com'] server encrypt:[u'chacha20-poly1305@openssh.com', u'aes128-ctr', u'aes192-ctr', u'aes256-ctr', u'aes128-gcm@openssh.com', u'aes256-gcm@openssh.com'] client mac:[u'umac-64-etm@openssh.com', u'umac-128-etm@openssh.com', u'hmac-sha2-256-etm@openssh.com', u'hmac-sha2-512-etm@openssh.com', u'hmac-sha1-etm@openssh.com', u'umac-64@openssh.com', u'umac-128@openssh.com', u'hmac-sha2-256', u'hmac-sha2-512', u'hmac-sha1'] server mac:[u'umac-64-etm@openssh.com', u'umac-128-etm@openssh.com', u'hmac-sha2-256-etm@openssh.com', u'hmac-sha2-512-etm@openssh.com', u'hmac-sha1-etm@openssh.com', u'umac-64@openssh.com', u'umac-128@openssh.com', u'hmac-sha2-256', u'hmac-sha2-512', u'hmac-sha1'] client compress:[u'none', u'zlib@openssh.com'] server compress:[u'none', u'zlib@openssh.com'] client lang:[u''] server lang:[u''] kex follows?False
DEB [20181008-12:38:29.189] thr=7   paramiko.transport: Kex agreed: ecdh-sha2-nistp256
DEB [20181008-12:38:29.189] thr=7   paramiko.transport: HostKey agreed: ssh-ed25519
DEB [20181008-12:38:29.190] thr=7   paramiko.transport: Cipher agreed: aes128-ctr
DEB [20181008-12:38:29.190] thr=7   paramiko.transport: MAC agreed: hmac-sha2-256
DEB [20181008-12:38:29.190] thr=7   paramiko.transport: Compression agreed: none
DEB [20181008-12:38:29.235] thr=7   paramiko.transport: kex engine KexNistp256 specified hash_algo <built-in function openssl_sha256>
DEB [20181008-12:38:29.235] thr=7   paramiko.transport: Switch to new keys ...
DEB [20181008-12:38:29.248] thr=8   paramiko.transport: starting thread (server mode): 0x70749290L
DEB [20181008-12:38:29.248] thr=8   paramiko.transport: Local version/idstring: SSH-2.0-OpenSSH_7.2p2 Ubuntu-4ubuntu2.2
DEB [20181008-12:38:29.249] thr=8   paramiko.transport: Remote version/idstring: SSH-2.0-OpenSSH_7.2p2 Ubuntu-4ubuntu2.4
INF [20181008-12:38:29.249] thr=8   paramiko.transport: Connected (version 2.0, client OpenSSH_7.2p2)
DEB [20181008-12:38:29.250] thr=8   paramiko.transport: kex algos:[u'curve25519-sha256@libssh.org', u'ecdh-sha2-nistp256', u'ecdh-sha2-nistp384', u'ecdh-sha2-nistp521', u'diffie-hellman-group-exchange-sha256', u'diffie-hellman-group-exchange-sha1', u'diffie-hellman-group14-sha1', u'ext-info-c'] server key:[u'ecdsa-sha2-nistp256-cert-v01@openssh.com', u'ecdsa-sha2-nistp384-cert-v01@openssh.com', u'ecdsa-sha2-nistp521-cert-v01@openssh.com', u'ssh-ed25519-cert-v01@openssh.com', u'ssh-rsa-cert-v01@openssh.com', u'ecdsa-sha2-nistp256', u'ecdsa-sha2-nistp384', u'ecdsa-sha2-nistp521', u'ssh-ed25519', u'rsa-sha2-512', u'rsa-sha2-256', u'ssh-rsa'] client encrypt:[u'chacha20-poly1305@openssh.com', u'aes128-ctr', u'aes192-ctr', u'aes256-ctr', u'aes128-gcm@openssh.com', u'aes256-gcm@openssh.com', u'aes128-cbc', u'aes192-cbc', u'aes256-cbc', u'3des-cbc'] server encrypt:[u'chacha20-poly1305@openssh.com', u'aes128-ctr', u'aes192-ctr', u'aes256-ctr', u'aes128-gcm@openssh.com', u'aes256-gcm@openssh.com', u'aes128-cbc', u'aes192-cbc', u'aes256-cbc', u'3des-cbc'] client mac:[u'umac-64-etm@openssh.com', u'umac-128-etm@openssh.com', u'hmac-sha2-256-etm@openssh.com', u'hmac-sha2-512-etm@openssh.com', u'hmac-sha1-etm@openssh.com', u'umac-64@openssh.com', u'umac-128@openssh.com', u'hmac-sha2-256', u'hmac-sha2-512', u'hmac-sha1'] server mac:[u'umac-64-etm@openssh.com', u'umac-128-etm@openssh.com', u'hmac-sha2-256-etm@openssh.com', u'hmac-sha2-512-etm@openssh.com', u'hmac-sha1-etm@openssh.com', u'umac-64@openssh.com', u'umac-128@openssh.com', u'hmac-sha2-256', u'hmac-sha2-512', u'hmac-sha1'] client compress:[u'none', u'zlib@openssh.com', u'zlib'] server compress:[u'none', u'zlib@openssh.com', u'zlib'] client lang:[u''] server lang:[u''] kex follows?False
DEB [20181008-12:38:29.251] thr=8   paramiko.transport: Kex agreed: ecdh-sha2-nistp256
DEB [20181008-12:38:29.251] thr=8   paramiko.transport: HostKey agreed: ssh-rsa
DEB [20181008-12:38:29.251] thr=8   paramiko.transport: Cipher agreed: aes128-ctr
DEB [20181008-12:38:29.251] thr=8   paramiko.transport: MAC agreed: hmac-sha2-256
DEB [20181008-12:38:29.252] thr=8   paramiko.transport: Compression agreed: none
DEB [20181008-12:38:29.259] thr=8   paramiko.transport: kex engine KexNistp256 specified hash_algo <built-in function openssl_sha256>
DEB [20181008-12:38:29.260] thr=8   paramiko.transport: Switch to new keys ...
DEB [20181008-12:38:29.263] thr=8   paramiko.transport: Auth request (type=none) service=ssh-connection, username=root
INF [20181008-12:38:29.263] thr=8   paramiko.transport: Auth rejected (none).
DEB [20181008-12:38:29.575] thr=8   paramiko.transport: Auth request (type=password) service=ssh-connection, username=root
DEB [20181008-12:38:29.576] thr=7   paramiko.transport: userauth is OK
INF [20181008-12:38:31.583] thr=7   paramiko.transport: Authentication (password) failed.
INF [20181008-12:38:31.586] thr=8   paramiko.transport: Auth rejected (password).
DEB [20181008-12:38:32.198] thr=8   paramiko.transport: Auth request (type=password) service=ssh-connection, username=root
DEB [20181008-12:38:32.200] thr=7   paramiko.transport: userauth is OK
INF [20181008-12:38:32.211] thr=7   paramiko.transport: Authentication (password) successful!
INF [20181008-12:38:32.215] thr=8   paramiko.transport: Auth granted (password).
DEB [20181008-12:38:32.215] thr=8   paramiko.transport: [chan 0] Max packet in: 32768 bytes
DEB [20181008-12:38:32.215] thr=8   paramiko.transport: [chan 0] Max packet out: 32768 bytes
DEB [20181008-12:38:32.216] thr=8   paramiko.transport: Secsh channel 0 (session) opened.
DEB [20181008-12:38:32.216] thr=8   paramiko.transport: Received global request "no-more-sessions@openssh.com"
DEB [20181008-12:38:32.217] thr=8   paramiko.transport: [chan 0] Max packet in: 32768 bytes
DEB [20181008-12:38:32.221] thr=7   paramiko.transport: Received global request "hostkeys-00@openssh.com"
DEB [20181008-12:38:32.222] thr=7   paramiko.transport: Rejecting "hostkeys-00@openssh.com" global request from server.
DEB [20181008-12:38:32.259] thr=7   paramiko.transport: [chan 0] Max packet out: 32768 bytes
DEB [20181008-12:38:32.260] thr=7   paramiko.transport: Secsh channel 0 opened.
DEB [20181008-12:38:32.284] thr=7   paramiko.transport: [chan 0] Sesch channel 0 request ok
DEB [20181008-12:38:32.291] thr=7   paramiko.transport: [chan 0] EOF received (0)
DEB [20181008-12:38:32.291] thr=9   paramiko.transport: [chan 0] EOF sent (0)
DEB [20181008-12:38:32.292] thr=9   paramiko.transport: [chan 0] EOF sent (0)
INF [20181008-12:38:32.320] thr=8   paramiko.transport: Disconnect (code 11): disconnected by user
DEB [20181008-12:38:41.255] thr=1   paramiko.transport: EOF in transport thread
DEB [20181008-12:38:41.321] thr=7   paramiko.transport: EOF in transport thread
DEB [20181008-12:40:56.905] thr=1   paramiko.transport: starting thread (client mode): 0xc0706210L
DEB [20181008-12:40:56.906] thr=1   paramiko.transport: Local version/idstring: SSH-2.0-paramiko_2.2.1
DEB [20181008-12:40:56.910] thr=1   paramiko.transport: Remote version/idstring: SSH-2.0-OpenSSH_7.6p1 Ubuntu-4
INF [20181008-12:40:56.910] thr=1   paramiko.transport: Connected (version 2.0, client OpenSSH_7.6p1)
DEB [20181008-12:40:56.911] thr=1   paramiko.transport: kex algos:[u'curve25519-sha256', u'curve25519-sha256@libssh.org', u'ecdh-sha2-nistp256', u'ecdh-sha2-nistp384', u'ecdh-sha2-nistp521', u'diffie-hellman-group-exchange-sha256', u'diffie-hellman-group16-sha512', u'diffie-hellman-group18-sha512', u'diffie-hellman-group14-sha256', u'diffie-hellman-group14-sha1'] server key:[u'ssh-rsa', u'rsa-sha2-512', u'rsa-sha2-256', u'ecdsa-sha2-nistp256', u'ssh-ed25519'] client encrypt:[u'chacha20-poly1305@openssh.com', u'aes128-ctr', u'aes192-ctr', u'aes256-ctr', u'aes128-gcm@openssh.com', u'aes256-gcm@openssh.com'] server encrypt:[u'chacha20-poly1305@openssh.com', u'aes128-ctr', u'aes192-ctr', u'aes256-ctr', u'aes128-gcm@openssh.com', u'aes256-gcm@openssh.com'] client mac:[u'umac-64-etm@openssh.com', u'umac-128-etm@openssh.com', u'hmac-sha2-256-etm@openssh.com', u'hmac-sha2-512-etm@openssh.com', u'hmac-sha1-etm@openssh.com', u'umac-64@openssh.com', u'umac-128@openssh.com', u'hmac-sha2-256', u'hmac-sha2-512', u'hmac-sha1'] server mac:[u'umac-64-etm@openssh.com', u'umac-128-etm@openssh.com', u'hmac-sha2-256-etm@openssh.com', u'hmac-sha2-512-etm@openssh.com', u'hmac-sha1-etm@openssh.com', u'umac-64@openssh.com', u'umac-128@openssh.com', u'hmac-sha2-256', u'hmac-sha2-512', u'hmac-sha1'] client compress:[u'none', u'zlib@openssh.com'] server compress:[u'none', u'zlib@openssh.com'] client lang:[u''] server lang:[u''] kex follows?False
DEB [20181008-12:40:56.911] thr=1   paramiko.transport: Kex agreed: ecdh-sha2-nistp256
DEB [20181008-12:40:56.911] thr=1   paramiko.transport: HostKey agreed: ssh-ed25519
DEB [20181008-12:40:56.911] thr=1   paramiko.transport: Cipher agreed: aes128-ctr
DEB [20181008-12:40:56.911] thr=1   paramiko.transport: MAC agreed: hmac-sha2-256
DEB [20181008-12:40:56.911] thr=1   paramiko.transport: Compression agreed: none
DEB [20181008-12:40:56.954] thr=1   paramiko.transport: kex engine KexNistp256 specified hash_algo <built-in function openssl_sha256>
DEB [20181008-12:40:56.956] thr=1   paramiko.transport: Switch to new keys ...
DEB [20181008-12:40:56.970] thr=2   paramiko.transport: starting thread (server mode): 0xc181d110L
DEB [20181008-12:40:56.971] thr=2   paramiko.transport: Local version/idstring: SSH-2.0-OpenSSH_7.2p2 Ubuntu-4ubuntu2.2
DEB [20181008-12:40:56.971] thr=2   paramiko.transport: Remote version/idstring: SSH-2.0-OpenSSH_7.2p2 Ubuntu-4ubuntu2.4
INF [20181008-12:40:56.971] thr=2   paramiko.transport: Connected (version 2.0, client OpenSSH_7.2p2)
DEB [20181008-12:40:56.973] thr=2   paramiko.transport: kex algos:[u'curve25519-sha256@libssh.org', u'ecdh-sha2-nistp256', u'ecdh-sha2-nistp384', u'ecdh-sha2-nistp521', u'diffie-hellman-group-exchange-sha256', u'diffie-hellman-group-exchange-sha1', u'diffie-hellman-group14-sha1', u'ext-info-c'] server key:[u'ecdsa-sha2-nistp256-cert-v01@openssh.com', u'ecdsa-sha2-nistp384-cert-v01@openssh.com', u'ecdsa-sha2-nistp521-cert-v01@openssh.com', u'ssh-ed25519-cert-v01@openssh.com', u'ssh-rsa-cert-v01@openssh.com', u'ecdsa-sha2-nistp256', u'ecdsa-sha2-nistp384', u'ecdsa-sha2-nistp521', u'ssh-ed25519', u'rsa-sha2-512', u'rsa-sha2-256', u'ssh-rsa'] client encrypt:[u'chacha20-poly1305@openssh.com', u'aes128-ctr', u'aes192-ctr', u'aes256-ctr', u'aes128-gcm@openssh.com', u'aes256-gcm@openssh.com', u'aes128-cbc', u'aes192-cbc', u'aes256-cbc', u'3des-cbc'] server encrypt:[u'chacha20-poly1305@openssh.com', u'aes128-ctr', u'aes192-ctr', u'aes256-ctr', u'aes128-gcm@openssh.com', u'aes256-gcm@openssh.com', u'aes128-cbc', u'aes192-cbc', u'aes256-cbc', u'3des-cbc'] client mac:[u'umac-64-etm@openssh.com', u'umac-128-etm@openssh.com', u'hmac-sha2-256-etm@openssh.com', u'hmac-sha2-512-etm@openssh.com', u'hmac-sha1-etm@openssh.com', u'umac-64@openssh.com', u'umac-128@openssh.com', u'hmac-sha2-256', u'hmac-sha2-512', u'hmac-sha1'] server mac:[u'umac-64-etm@openssh.com', u'umac-128-etm@openssh.com', u'hmac-sha2-256-etm@openssh.com', u'hmac-sha2-512-etm@openssh.com', u'hmac-sha1-etm@openssh.com', u'umac-64@openssh.com', u'umac-128@openssh.com', u'hmac-sha2-256', u'hmac-sha2-512', u'hmac-sha1'] client compress:[u'none', u'zlib@openssh.com', u'zlib'] server compress:[u'none', u'zlib@openssh.com', u'zlib'] client lang:[u''] server lang:[u''] kex follows?False
DEB [20181008-12:40:56.973] thr=2   paramiko.transport: Kex agreed: ecdh-sha2-nistp256
DEB [20181008-12:40:56.973] thr=2   paramiko.transport: HostKey agreed: ssh-rsa
DEB [20181008-12:40:56.974] thr=2   paramiko.transport: Cipher agreed: aes128-ctr
DEB [20181008-12:40:56.974] thr=2   paramiko.transport: MAC agreed: hmac-sha2-256
DEB [20181008-12:40:56.974] thr=2   paramiko.transport: Compression agreed: none
DEB [20181008-12:40:56.982] thr=2   paramiko.transport: kex engine KexNistp256 specified hash_algo <built-in function openssl_sha256>
DEB [20181008-12:40:56.983] thr=2   paramiko.transport: Switch to new keys ...
DEB [20181008-12:40:56.986] thr=2   paramiko.transport: Auth request (type=none) service=ssh-connection, username=root
INF [20181008-12:40:56.986] thr=2   paramiko.transport: Auth rejected (none).
DEB [20181008-12:40:57.987] thr=2   paramiko.transport: EOF in transport thread
DEB [20181008-12:40:58.060] thr=1   paramiko.transport: EOF in transport thread
DEB [20181008-12:40:58.867] thr=3   paramiko.transport: starting thread (client mode): 0xc06a9950L
DEB [20181008-12:40:58.867] thr=3   paramiko.transport: Local version/idstring: SSH-2.0-paramiko_2.2.1
DEB [20181008-12:40:58.871] thr=3   paramiko.transport: Remote version/idstring: SSH-2.0-OpenSSH_7.6p1 Ubuntu-4
INF [20181008-12:40:58.872] thr=3   paramiko.transport: Connected (version 2.0, client OpenSSH_7.6p1)
DEB [20181008-12:40:58.873] thr=3   paramiko.transport: kex algos:[u'curve25519-sha256', u'curve25519-sha256@libssh.org', u'ecdh-sha2-nistp256', u'ecdh-sha2-nistp384', u'ecdh-sha2-nistp521', u'diffie-hellman-group-exchange-sha256', u'diffie-hellman-group16-sha512', u'diffie-hellman-group18-sha512', u'diffie-hellman-group14-sha256', u'diffie-hellman-group14-sha1'] server key:[u'ssh-rsa', u'rsa-sha2-512', u'rsa-sha2-256', u'ecdsa-sha2-nistp256', u'ssh-ed25519'] client encrypt:[u'chacha20-poly1305@openssh.com', u'aes128-ctr', u'aes192-ctr', u'aes256-ctr', u'aes128-gcm@openssh.com', u'aes256-gcm@openssh.com'] server encrypt:[u'chacha20-poly1305@openssh.com', u'aes128-ctr', u'aes192-ctr', u'aes256-ctr', u'aes128-gcm@openssh.com', u'aes256-gcm@openssh.com'] client mac:[u'umac-64-etm@openssh.com', u'umac-128-etm@openssh.com', u'hmac-sha2-256-etm@openssh.com', u'hmac-sha2-512-etm@openssh.com', u'hmac-sha1-etm@openssh.com', u'umac-64@openssh.com', u'umac-128@openssh.com', u'hmac-sha2-256', u'hmac-sha2-512', u'hmac-sha1'] server mac:[u'umac-64-etm@openssh.com', u'umac-128-etm@openssh.com', u'hmac-sha2-256-etm@openssh.com', u'hmac-sha2-512-etm@openssh.com', u'hmac-sha1-etm@openssh.com', u'umac-64@openssh.com', u'umac-128@openssh.com', u'hmac-sha2-256', u'hmac-sha2-512', u'hmac-sha1'] client compress:[u'none', u'zlib@openssh.com'] server compress:[u'none', u'zlib@openssh.com'] client lang:[u''] server lang:[u''] kex follows?False
DEB [20181008-12:40:58.873] thr=3   paramiko.transport: Kex agreed: ecdh-sha2-nistp256
DEB [20181008-12:40:58.873] thr=3   paramiko.transport: HostKey agreed: ssh-ed25519
DEB [20181008-12:40:58.873] thr=3   paramiko.transport: Cipher agreed: aes128-ctr
DEB [20181008-12:40:58.873] thr=3   paramiko.transport: MAC agreed: hmac-sha2-256
DEB [20181008-12:40:58.873] thr=3   paramiko.transport: Compression agreed: none
DEB [20181008-12:40:58.918] thr=3   paramiko.transport: kex engine KexNistp256 specified hash_algo <built-in function openssl_sha256>
DEB [20181008-12:40:58.919] thr=3   paramiko.transport: Switch to new keys ...
DEB [20181008-12:40:58.935] thr=4   paramiko.transport: starting thread (server mode): 0xc2dda910L
DEB [20181008-12:40:58.936] thr=4   paramiko.transport: Local version/idstring: SSH-2.0-OpenSSH_7.2p2 Ubuntu-4ubuntu2.2
DEB [20181008-12:40:58.936] thr=4   paramiko.transport: Remote version/idstring: SSH-2.0-OpenSSH_7.2p2 Ubuntu-4ubuntu2.4
INF [20181008-12:40:58.936] thr=4   paramiko.transport: Connected (version 2.0, client OpenSSH_7.2p2)
DEB [20181008-12:40:58.938] thr=4   paramiko.transport: kex algos:[u'curve25519-sha256@libssh.org', u'ecdh-sha2-nistp256', u'ecdh-sha2-nistp384', u'ecdh-sha2-nistp521', u'diffie-hellman-group-exchange-sha256', u'diffie-hellman-group-exchange-sha1', u'diffie-hellman-group14-sha1', u'ext-info-c'] server key:[u'ecdsa-sha2-nistp256-cert-v01@openssh.com', u'ecdsa-sha2-nistp384-cert-v01@openssh.com', u'ecdsa-sha2-nistp521-cert-v01@openssh.com', u'ssh-ed25519-cert-v01@openssh.com', u'ssh-rsa-cert-v01@openssh.com', u'ecdsa-sha2-nistp256', u'ecdsa-sha2-nistp384', u'ecdsa-sha2-nistp521', u'ssh-ed25519', u'rsa-sha2-512', u'rsa-sha2-256', u'ssh-rsa'] client encrypt:[u'chacha20-poly1305@openssh.com', u'aes128-ctr', u'aes192-ctr', u'aes256-ctr', u'aes128-gcm@openssh.com', u'aes256-gcm@openssh.com', u'aes128-cbc', u'aes192-cbc', u'aes256-cbc', u'3des-cbc'] server encrypt:[u'chacha20-poly1305@openssh.com', u'aes128-ctr', u'aes192-ctr', u'aes256-ctr', u'aes128-gcm@openssh.com', u'aes256-gcm@openssh.com', u'aes128-cbc', u'aes192-cbc', u'aes256-cbc', u'3des-cbc'] client mac:[u'umac-64-etm@openssh.com', u'umac-128-etm@openssh.com', u'hmac-sha2-256-etm@openssh.com', u'hmac-sha2-512-etm@openssh.com', u'hmac-sha1-etm@openssh.com', u'umac-64@openssh.com', u'umac-128@openssh.com', u'hmac-sha2-256', u'hmac-sha2-512', u'hmac-sha1'] server mac:[u'umac-64-etm@openssh.com', u'umac-128-etm@openssh.com', u'hmac-sha2-256-etm@openssh.com', u'hmac-sha2-512-etm@openssh.com', u'hmac-sha1-etm@openssh.com', u'umac-64@openssh.com', u'umac-128@openssh.com', u'hmac-sha2-256', u'hmac-sha2-512', u'hmac-sha1'] client compress:[u'none', u'zlib@openssh.com', u'zlib'] server compress:[u'none', u'zlib@openssh.com', u'zlib'] client lang:[u''] server lang:[u''] kex follows?False
DEB [20181008-12:40:58.938] thr=4   paramiko.transport: Kex agreed: ecdh-sha2-nistp256
DEB [20181008-12:40:58.938] thr=4   paramiko.transport: HostKey agreed: ssh-rsa
DEB [20181008-12:40:58.939] thr=4   paramiko.transport: Cipher agreed: aes128-ctr
DEB [20181008-12:40:58.939] thr=4   paramiko.transport: MAC agreed: hmac-sha2-256
DEB [20181008-12:40:58.939] thr=4   paramiko.transport: Compression agreed: none
DEB [20181008-12:40:58.946] thr=4   paramiko.transport: kex engine KexNistp256 specified hash_algo <built-in function openssl_sha256>
DEB [20181008-12:40:58.948] thr=4   paramiko.transport: Switch to new keys ...
DEB [20181008-12:40:58.950] thr=4   paramiko.transport: Auth request (type=none) service=ssh-connection, username=root
INF [20181008-12:40:58.951] thr=4   paramiko.transport: Auth rejected (none).
DEB [20181008-12:40:59.618] thr=4   paramiko.transport: Auth request (type=password) service=ssh-connection, username=root
DEB [20181008-12:40:59.620] thr=3   paramiko.transport: userauth is OK
INF [20181008-12:40:59.634] thr=3   paramiko.transport: Authentication (password) successful!
INF [20181008-12:40:59.635] thr=4   paramiko.transport: Auth granted (password).
DEB [20181008-12:40:59.636] thr=4   paramiko.transport: [chan 0] Max packet in: 32768 bytes
DEB [20181008-12:40:59.636] thr=4   paramiko.transport: [chan 0] Max packet out: 16384 bytes
DEB [20181008-12:40:59.636] thr=4   paramiko.transport: Secsh channel 0 (session) opened.
DEB [20181008-12:40:59.637] thr=4   paramiko.transport: Received global request "no-more-sessions@openssh.com"
DEB [20181008-12:40:59.637] thr=4   paramiko.transport: [chan 0] Max packet in: 32768 bytes
DEB [20181008-12:40:59.643] thr=3   paramiko.transport: Received global request "hostkeys-00@openssh.com"
DEB [20181008-12:40:59.643] thr=3   paramiko.transport: Rejecting "hostkeys-00@openssh.com" global request from server.
DEB [20181008-12:40:59.683] thr=3   paramiko.transport: [chan 0] Max packet out: 32768 bytes
DEB [20181008-12:40:59.683] thr=3   paramiko.transport: Secsh channel 0 opened.
DEB [20181008-12:40:59.703] thr=3   paramiko.transport: [chan 0] Sesch channel 0 request ok
DEB [20181008-12:40:59.744] thr=3   paramiko.transport: [chan 0] Sesch channel 0 request ok
DEB [20181008-12:41:26.694] thr=3   paramiko.transport: EOF in transport thread
DEB [20181008-12:41:51.365] thr=1   paramiko.transport: starting thread (client mode): 0x46c3f210L
DEB [20181008-12:41:51.365] thr=1   paramiko.transport: Local version/idstring: SSH-2.0-paramiko_2.2.1
DEB [20181008-12:41:51.369] thr=1   paramiko.transport: Remote version/idstring: SSH-2.0-OpenSSH_7.6p1 Ubuntu-4
INF [20181008-12:41:51.369] thr=1   paramiko.transport: Connected (version 2.0, client OpenSSH_7.6p1)
DEB [20181008-12:41:51.370] thr=1   paramiko.transport: kex algos:[u'curve25519-sha256', u'curve25519-sha256@libssh.org', u'ecdh-sha2-nistp256', u'ecdh-sha2-nistp384', u'ecdh-sha2-nistp521', u'diffie-hellman-group-exchange-sha256', u'diffie-hellman-group16-sha512', u'diffie-hellman-group18-sha512', u'diffie-hellman-group14-sha256', u'diffie-hellman-group14-sha1'] server key:[u'ssh-rsa', u'rsa-sha2-512', u'rsa-sha2-256', u'ecdsa-sha2-nistp256', u'ssh-ed25519'] client encrypt:[u'chacha20-poly1305@openssh.com', u'aes128-ctr', u'aes192-ctr', u'aes256-ctr', u'aes128-gcm@openssh.com', u'aes256-gcm@openssh.com'] server encrypt:[u'chacha20-poly1305@openssh.com', u'aes128-ctr', u'aes192-ctr', u'aes256-ctr', u'aes128-gcm@openssh.com', u'aes256-gcm@openssh.com'] client mac:[u'umac-64-etm@openssh.com', u'umac-128-etm@openssh.com', u'hmac-sha2-256-etm@openssh.com', u'hmac-sha2-512-etm@openssh.com', u'hmac-sha1-etm@openssh.com', u'umac-64@openssh.com', u'umac-128@openssh.com', u'hmac-sha2-256', u'hmac-sha2-512', u'hmac-sha1'] server mac:[u'umac-64-etm@openssh.com', u'umac-128-etm@openssh.com', u'hmac-sha2-256-etm@openssh.com', u'hmac-sha2-512-etm@openssh.com', u'hmac-sha1-etm@openssh.com', u'umac-64@openssh.com', u'umac-128@openssh.com', u'hmac-sha2-256', u'hmac-sha2-512', u'hmac-sha1'] client compress:[u'none', u'zlib@openssh.com'] server compress:[u'none', u'zlib@openssh.com'] client lang:[u''] server lang:[u''] kex follows?False
DEB [20181008-12:41:51.370] thr=1   paramiko.transport: Kex agreed: ecdh-sha2-nistp256
DEB [20181008-12:41:51.370] thr=1   paramiko.transport: HostKey agreed: ssh-ed25519
DEB [20181008-12:41:51.370] thr=1   paramiko.transport: Cipher agreed: aes128-ctr
DEB [20181008-12:41:51.370] thr=1   paramiko.transport: MAC agreed: hmac-sha2-256
DEB [20181008-12:41:51.370] thr=1   paramiko.transport: Compression agreed: none
DEB [20181008-12:41:51.415] thr=1   paramiko.transport: kex engine KexNistp256 specified hash_algo <built-in function openssl_sha256>
DEB [20181008-12:41:51.416] thr=1   paramiko.transport: Switch to new keys ...
DEB [20181008-12:41:51.429] thr=2   paramiko.transport: starting thread (server mode): 0x47d56110L
DEB [20181008-12:41:51.430] thr=2   paramiko.transport: Local version/idstring: SSH-2.0-OpenSSH_7.2p2 Ubuntu-4ubuntu2.2
DEB [20181008-12:41:51.430] thr=2   paramiko.transport: Remote version/idstring: SSH-2.0-OpenSSH_7.2p2 Ubuntu-4ubuntu2.4
INF [20181008-12:41:51.430] thr=2   paramiko.transport: Connected (version 2.0, client OpenSSH_7.2p2)
DEB [20181008-12:41:51.432] thr=2   paramiko.transport: kex algos:[u'curve25519-sha256@libssh.org', u'ecdh-sha2-nistp256', u'ecdh-sha2-nistp384', u'ecdh-sha2-nistp521', u'diffie-hellman-group-exchange-sha256', u'diffie-hellman-group-exchange-sha1', u'diffie-hellman-group14-sha1', u'ext-info-c'] server key:[u'ecdsa-sha2-nistp256-cert-v01@openssh.com', u'ecdsa-sha2-nistp384-cert-v01@openssh.com', u'ecdsa-sha2-nistp521-cert-v01@openssh.com', u'ssh-ed25519-cert-v01@openssh.com', u'ssh-rsa-cert-v01@openssh.com', u'ecdsa-sha2-nistp256', u'ecdsa-sha2-nistp384', u'ecdsa-sha2-nistp521', u'ssh-ed25519', u'rsa-sha2-512', u'rsa-sha2-256', u'ssh-rsa'] client encrypt:[u'chacha20-poly1305@openssh.com', u'aes128-ctr', u'aes192-ctr', u'aes256-ctr', u'aes128-gcm@openssh.com', u'aes256-gcm@openssh.com', u'aes128-cbc', u'aes192-cbc', u'aes256-cbc', u'3des-cbc'] server encrypt:[u'chacha20-poly1305@openssh.com', u'aes128-ctr', u'aes192-ctr', u'aes256-ctr', u'aes128-gcm@openssh.com', u'aes256-gcm@openssh.com', u'aes128-cbc', u'aes192-cbc', u'aes256-cbc', u'3des-cbc'] client mac:[u'umac-64-etm@openssh.com', u'umac-128-etm@openssh.com', u'hmac-sha2-256-etm@openssh.com', u'hmac-sha2-512-etm@openssh.com', u'hmac-sha1-etm@openssh.com', u'umac-64@openssh.com', u'umac-128@openssh.com', u'hmac-sha2-256', u'hmac-sha2-512', u'hmac-sha1'] server mac:[u'umac-64-etm@openssh.com', u'umac-128-etm@openssh.com', u'hmac-sha2-256-etm@openssh.com', u'hmac-sha2-512-etm@openssh.com', u'hmac-sha1-etm@openssh.com', u'umac-64@openssh.com', u'umac-128@openssh.com', u'hmac-sha2-256', u'hmac-sha2-512', u'hmac-sha1'] client compress:[u'none', u'zlib@openssh.com', u'zlib'] server compress:[u'none', u'zlib@openssh.com', u'zlib'] client lang:[u''] server lang:[u''] kex follows?False
DEB [20181008-12:41:51.432] thr=2   paramiko.transport: Kex agreed: ecdh-sha2-nistp256
DEB [20181008-12:41:51.432] thr=2   paramiko.transport: HostKey agreed: ssh-rsa
DEB [20181008-12:41:51.433] thr=2   paramiko.transport: Cipher agreed: aes128-ctr
DEB [20181008-12:41:51.433] thr=2   paramiko.transport: MAC agreed: hmac-sha2-256
DEB [20181008-12:41:51.433] thr=2   paramiko.transport: Compression agreed: none
DEB [20181008-12:41:51.441] thr=2   paramiko.transport: kex engine KexNistp256 specified hash_algo <built-in function openssl_sha256>
DEB [20181008-12:41:51.442] thr=2   paramiko.transport: Switch to new keys ...
DEB [20181008-12:41:51.446] thr=2   paramiko.transport: Auth request (type=none) service=ssh-connection, username=root
INF [20181008-12:41:51.447] thr=2   paramiko.transport: Auth rejected (none).
DEB [20181008-12:41:52.419] thr=2   paramiko.transport: Auth request (type=password) service=ssh-connection, username=root
DEB [20181008-12:41:52.420] thr=1   paramiko.transport: userauth is OK
INF [20181008-12:41:52.433] thr=1   paramiko.transport: Authentication (password) successful!
INF [20181008-12:41:52.435] thr=2   paramiko.transport: Auth granted (password).
DEB [20181008-12:41:52.437] thr=2   paramiko.transport: [chan 0] Max packet in: 32768 bytes
DEB [20181008-12:41:52.437] thr=2   paramiko.transport: [chan 0] Max packet out: 16384 bytes
DEB [20181008-12:41:52.437] thr=2   paramiko.transport: Secsh channel 0 (session) opened.
DEB [20181008-12:41:52.437] thr=2   paramiko.transport: Received global request "no-more-sessions@openssh.com"
DEB [20181008-12:41:52.437] thr=2   paramiko.transport: [chan 0] Max packet in: 32768 bytes
DEB [20181008-12:41:52.443] thr=1   paramiko.transport: Received global request "hostkeys-00@openssh.com"
DEB [20181008-12:41:52.443] thr=1   paramiko.transport: Rejecting "hostkeys-00@openssh.com" global request from server.
DEB [20181008-12:41:52.483] thr=1   paramiko.transport: [chan 0] Max packet out: 32768 bytes
DEB [20181008-12:41:52.484] thr=1   paramiko.transport: Secsh channel 0 opened.
DEB [20181008-12:41:52.503] thr=1   paramiko.transport: [chan 0] Sesch channel 0 request ok
DEB [20181008-12:41:52.545] thr=1   paramiko.transport: [chan 0] Sesch channel 0 request ok
DEB [20181008-12:42:24.619] thr=1   paramiko.transport: [chan 0] EOF received (0)
DEB [20181008-12:42:24.619] thr=3   paramiko.transport: [chan 0] EOF sent (0)
DEB [20181008-12:42:24.619] thr=1   paramiko.transport: [chan 0] EOF sent (0)
INF [20181008-12:42:24.620] thr=2   paramiko.transport: Disconnect (code 11): disconnected by user
DEB [20181008-12:42:29.391] thr=4   paramiko.transport: starting thread (client mode): 0x46407d10L
DEB [20181008-12:42:29.392] thr=4   paramiko.transport: Local version/idstring: SSH-2.0-paramiko_2.2.1
DEB [20181008-12:42:29.397] thr=4   paramiko.transport: Remote version/idstring: SSH-2.0-OpenSSH_7.6p1 Ubuntu-4
INF [20181008-12:42:29.397] thr=4   paramiko.transport: Connected (version 2.0, client OpenSSH_7.6p1)
DEB [20181008-12:42:29.398] thr=4   paramiko.transport: kex algos:[u'curve25519-sha256', u'curve25519-sha256@libssh.org', u'ecdh-sha2-nistp256', u'ecdh-sha2-nistp384', u'ecdh-sha2-nistp521', u'diffie-hellman-group-exchange-sha256', u'diffie-hellman-group16-sha512', u'diffie-hellman-group18-sha512', u'diffie-hellman-group14-sha256', u'diffie-hellman-group14-sha1'] server key:[u'ssh-rsa', u'rsa-sha2-512', u'rsa-sha2-256', u'ecdsa-sha2-nistp256', u'ssh-ed25519'] client encrypt:[u'chacha20-poly1305@openssh.com', u'aes128-ctr', u'aes192-ctr', u'aes256-ctr', u'aes128-gcm@openssh.com', u'aes256-gcm@openssh.com'] server encrypt:[u'chacha20-poly1305@openssh.com', u'aes128-ctr', u'aes192-ctr', u'aes256-ctr', u'aes128-gcm@openssh.com', u'aes256-gcm@openssh.com'] client mac:[u'umac-64-etm@openssh.com', u'umac-128-etm@openssh.com', u'hmac-sha2-256-etm@openssh.com', u'hmac-sha2-512-etm@openssh.com', u'hmac-sha1-etm@openssh.com', u'umac-64@openssh.com', u'umac-128@openssh.com', u'hmac-sha2-256', u'hmac-sha2-512', u'hmac-sha1'] server mac:[u'umac-64-etm@openssh.com', u'umac-128-etm@openssh.com', u'hmac-sha2-256-etm@openssh.com', u'hmac-sha2-512-etm@openssh.com', u'hmac-sha1-etm@openssh.com', u'umac-64@openssh.com', u'umac-128@openssh.com', u'hmac-sha2-256', u'hmac-sha2-512', u'hmac-sha1'] client compress:[u'none', u'zlib@openssh.com'] server compress:[u'none', u'zlib@openssh.com'] client lang:[u''] server lang:[u''] kex follows?False
DEB [20181008-12:42:29.398] thr=4   paramiko.transport: Kex agreed: ecdh-sha2-nistp256
DEB [20181008-12:42:29.398] thr=4   paramiko.transport: HostKey agreed: ssh-ed25519
DEB [20181008-12:42:29.398] thr=4   paramiko.transport: Cipher agreed: aes128-ctr
DEB [20181008-12:42:29.398] thr=4   paramiko.transport: MAC agreed: hmac-sha2-256
DEB [20181008-12:42:29.398] thr=4   paramiko.transport: Compression agreed: none
DEB [20181008-12:42:29.403] thr=4   paramiko.transport: kex engine KexNistp256 specified hash_algo <built-in function openssl_sha256>
DEB [20181008-12:42:29.403] thr=4   paramiko.transport: Switch to new keys ...
DEB [20181008-12:42:29.411] thr=5   paramiko.transport: starting thread (server mode): 0x46407950L
DEB [20181008-12:42:29.411] thr=5   paramiko.transport: Local version/idstring: SSH-2.0-OpenSSH_7.2p2 Ubuntu-4ubuntu2.2
DEB [20181008-12:42:29.411] thr=5   paramiko.transport: Remote version/idstring: SSH-2.0-OpenSSH_7.2p2 Ubuntu-4ubuntu2.4
INF [20181008-12:42:29.411] thr=5   paramiko.transport: Connected (version 2.0, client OpenSSH_7.2p2)
DEB [20181008-12:42:29.412] thr=5   paramiko.transport: kex algos:[u'curve25519-sha256@libssh.org', u'ecdh-sha2-nistp256', u'ecdh-sha2-nistp384', u'ecdh-sha2-nistp521', u'diffie-hellman-group-exchange-sha256', u'diffie-hellman-group-exchange-sha1', u'diffie-hellman-group14-sha1', u'ext-info-c'] server key:[u'ecdsa-sha2-nistp256-cert-v01@openssh.com', u'ecdsa-sha2-nistp384-cert-v01@openssh.com', u'ecdsa-sha2-nistp521-cert-v01@openssh.com', u'ssh-ed25519-cert-v01@openssh.com', u'ssh-rsa-cert-v01@openssh.com', u'ecdsa-sha2-nistp256', u'ecdsa-sha2-nistp384', u'ecdsa-sha2-nistp521', u'ssh-ed25519', u'rsa-sha2-512', u'rsa-sha2-256', u'ssh-rsa'] client encrypt:[u'chacha20-poly1305@openssh.com', u'aes128-ctr', u'aes192-ctr', u'aes256-ctr', u'aes128-gcm@openssh.com', u'aes256-gcm@openssh.com', u'aes128-cbc', u'aes192-cbc', u'aes256-cbc', u'3des-cbc'] server encrypt:[u'chacha20-poly1305@openssh.com', u'aes128-ctr', u'aes192-ctr', u'aes256-ctr', u'aes128-gcm@openssh.com', u'aes256-gcm@openssh.com', u'aes128-cbc', u'aes192-cbc', u'aes256-cbc', u'3des-cbc'] client mac:[u'umac-64-etm@openssh.com', u'umac-128-etm@openssh.com', u'hmac-sha2-256-etm@openssh.com', u'hmac-sha2-512-etm@openssh.com', u'hmac-sha1-etm@openssh.com', u'umac-64@openssh.com', u'umac-128@openssh.com', u'hmac-sha2-256', u'hmac-sha2-512', u'hmac-sha1'] server mac:[u'umac-64-etm@openssh.com', u'umac-128-etm@openssh.com', u'hmac-sha2-256-etm@openssh.com', u'hmac-sha2-512-etm@openssh.com', u'hmac-sha1-etm@openssh.com', u'umac-64@openssh.com', u'umac-128@openssh.com', u'hmac-sha2-256', u'hmac-sha2-512', u'hmac-sha1'] client compress:[u'none', u'zlib@openssh.com', u'zlib'] server compress:[u'none', u'zlib@openssh.com', u'zlib'] client lang:[u''] server lang:[u''] kex follows?False
DEB [20181008-12:42:29.412] thr=5   paramiko.transport: Kex agreed: ecdh-sha2-nistp256
DEB [20181008-12:42:29.412] thr=5   paramiko.transport: HostKey agreed: ssh-rsa
DEB [20181008-12:42:29.412] thr=5   paramiko.transport: Cipher agreed: aes128-ctr
DEB [20181008-12:42:29.412] thr=5   paramiko.transport: MAC agreed: hmac-sha2-256
DEB [20181008-12:42:29.412] thr=5   paramiko.transport: Compression agreed: none
DEB [20181008-12:42:29.416] thr=5   paramiko.transport: kex engine KexNistp256 specified hash_algo <built-in function openssl_sha256>
DEB [20181008-12:42:29.416] thr=5   paramiko.transport: Switch to new keys ...
DEB [20181008-12:42:29.418] thr=5   paramiko.transport: Auth request (type=none) service=ssh-connection, username=root
INF [20181008-12:42:29.418] thr=5   paramiko.transport: Auth rejected (none).
DEB [20181008-12:42:31.396] thr=5   paramiko.transport: Auth request (type=password) service=ssh-connection, username=root
DEB [20181008-12:42:31.398] thr=4   paramiko.transport: userauth is OK
INF [20181008-12:42:33.626] thr=4   paramiko.transport: Authentication (password) failed.
INF [20181008-12:42:33.636] thr=5   paramiko.transport: Auth rejected (password).
DEB [20181008-12:42:34.180] thr=5   paramiko.transport: Auth request (type=password) service=ssh-connection, username=root
DEB [20181008-12:42:34.181] thr=4   paramiko.transport: userauth is OK
INF [20181008-12:42:34.192] thr=4   paramiko.transport: Authentication (password) successful!
INF [20181008-12:42:34.196] thr=5   paramiko.transport: Auth granted (password).
DEB [20181008-12:42:34.197] thr=5   paramiko.transport: [chan 0] Max packet in: 32768 bytes
DEB [20181008-12:42:34.197] thr=5   paramiko.transport: [chan 0] Max packet out: 16384 bytes
DEB [20181008-12:42:34.197] thr=5   paramiko.transport: Secsh channel 0 (session) opened.
DEB [20181008-12:42:34.198] thr=5   paramiko.transport: Received global request "no-more-sessions@openssh.com"
DEB [20181008-12:42:34.198] thr=5   paramiko.transport: [chan 0] Max packet in: 32768 bytes
DEB [20181008-12:42:34.201] thr=4   paramiko.transport: Received global request "hostkeys-00@openssh.com"
DEB [20181008-12:42:34.201] thr=4   paramiko.transport: Rejecting "hostkeys-00@openssh.com" global request from server.
DEB [20181008-12:42:34.239] thr=4   paramiko.transport: [chan 0] Max packet out: 32768 bytes
DEB [20181008-12:42:34.240] thr=4   paramiko.transport: Secsh channel 0 opened.
DEB [20181008-12:42:34.264] thr=4   paramiko.transport: [chan 0] Sesch channel 0 request ok
DEB [20181008-12:42:34.304] thr=4   paramiko.transport: [chan 0] Sesch channel 0 request ok
DEB [20181008-12:42:52.480] thr=1   paramiko.transport: EOF in transport thread
DEB [20181008-12:43:25.763] thr=4   paramiko.transport: EOF in transport thread
